Flow report for TopDE
Fri May 25 00:44:53 2018
Quartus Prime Version 18.0.0 Build 614 04/24/2018 SJ Lite Edition


---------------------
; Table of Contents ;
---------------------
  1. Legal Notice
  2. Flow Summary
  3. Flow Settings
  4. Flow Non-Default Global Settings
  5. Flow Elapsed Time
  6. Flow OS Summary
  7. Flow Log
  8. Flow Messages
  9. Flow Suppressed Messages



----------------
; Legal Notice ;
----------------
Copyright (C) 2018  Intel Corporation. All rights reserved.
Your use of Intel Corporation's design tools, logic functions 
and other software and tools, and its AMPP partner logic 
functions, and any output files from any of the foregoing 
(including device programming or simulation files), and any 
associated documentation or information are expressly subject 
to the terms and conditions of the Intel Program License 
Subscription Agreement, the Intel Quartus Prime License Agreement,
the Intel FPGA IP License Agreement, or other applicable license
agreement, including, without limitation, that your use is for
the sole purpose of programming logic devices manufactured by
Intel and sold by Intel or its authorized distributors.  Please
refer to the applicable agreement for further details.



+-------------------------------------------------------------------------------+
; Flow Summary                                                                  ;
+---------------------------------+---------------------------------------------+
; Flow Status                     ; Successful - Fri May 25 00:44:53 2018       ;
; Quartus Prime Version           ; 18.0.0 Build 614 04/24/2018 SJ Lite Edition ;
; Revision Name                   ; TopDE                                       ;
; Top-level Entity Name           ; ALU                                         ;
; Family                          ; Cyclone V                                   ;
; Device                          ; 5CSEMA5F31C6                                ;
; Timing Models                   ; Final                                       ;
; Logic utilization (in ALMs)     ; 3,456 / 32,070 ( 11 % )                     ;
; Total registers                 ; 64                                          ;
; Total pins                      ; 111 / 457 ( 24 % )                          ;
; Total virtual pins              ; 0                                           ;
; Total block memory bits         ; 0 / 4,065,280 ( 0 % )                       ;
; Total DSP Blocks                ; 6 / 87 ( 7 % )                              ;
; Total HSSI RX PCSs              ; 0                                           ;
; Total HSSI PMA RX Deserializers ; 0                                           ;
; Total HSSI TX PCSs              ; 0                                           ;
; Total HSSI PMA TX Serializers   ; 0                                           ;
; Total PLLs                      ; 0 / 6 ( 0 % )                               ;
; Total DLLs                      ; 0 / 4 ( 0 % )                               ;
+---------------------------------+---------------------------------------------+


+-----------------------------------------+
; Flow Settings                           ;
+-------------------+---------------------+
; Option            ; Setting             ;
+-------------------+---------------------+
; Start date & time ; 05/25/2018 00:38:58 ;
; Main task         ; Compilation         ;
; Revision Name     ; TopDE               ;
+-------------------+---------------------+


+-----------------------------------------------------------------------------------------------------------------------------+
; Flow Non-Default Global Settings                                                                                            ;
+-------------------------------------+----------------------------------------+---------------+-------------+----------------+
; Assignment Name                     ; Value                                  ; Default Value ; Entity Name ; Section Id     ;
+-------------------------------------+----------------------------------------+---------------+-------------+----------------+
; COMPILER_SIGNATURE_ID               ; 53350639455535.152721953801196         ; --            ; --          ; --             ;
; EDA_OUTPUT_DATA_FORMAT              ; None                                   ; --            ; --          ; eda_simulation ;
; EDA_TIME_SCALE                      ; 1 ps                                   ; --            ; --          ; eda_simulation ;
; MAX_CORE_JUNCTION_TEMP              ; 85                                     ; --            ; --          ; --             ;
; MIN_CORE_JUNCTION_TEMP              ; 0                                      ; --            ; --          ; --             ;
; MISC_FILE                           ; VGA/VgaPll.cmp                         ; --            ; --          ; --             ;
; MISC_FILE                           ; VGA/VgaPll_sim/VgaPll.vo               ; --            ; --          ; --             ;
; MISC_FILE                           ; Tempo/PLL_Main.cmp                     ; --            ; --          ; --             ;
; MISC_FILE                           ; Tempo/PLL_Main_sim/PLL_Main.vo         ; --            ; --          ; --             ;
; NUM_PARALLEL_PROCESSORS             ; All                                    ; --            ; --          ; --             ;
; PARTITION_COLOR                     ; -- (Not supported for targeted family) ; --            ; ALU         ; Top            ;
; PARTITION_FITTER_PRESERVATION_LEVEL ; -- (Not supported for targeted family) ; --            ; ALU         ; Top            ;
; PARTITION_NETLIST_TYPE              ; -- (Not supported for targeted family) ; --            ; ALU         ; Top            ;
; POWER_BOARD_THERMAL_MODEL           ; None (CONSERVATIVE)                    ; --            ; --          ; --             ;
; POWER_PRESET_COOLING_SOLUTION       ; 23 MM HEAT SINK WITH 200 LFPM AIRFLOW  ; --            ; --          ; --             ;
; PROJECT_OUTPUT_DIRECTORY            ; output_files                           ; --            ; --          ; --             ;
; SMART_RECOMPILE                     ; On                                     ; Off           ; --          ; --             ;
; SPD_FILE                            ; VGA/VgaPll.spd                         ; --            ; --          ; --             ;
; SPD_FILE                            ; Tempo/PLL_Main.spd                     ; --            ; --          ; --             ;
; SYNTHESIS_ONLY_QIP                  ; On                                     ; --            ; --          ; --             ;
; SYNTHESIS_ONLY_QIP                  ; On                                     ; --            ; --          ; --             ;
; TOP_LEVEL_ENTITY                    ; ALU                                    ; TopDE         ; --          ; --             ;
; VERILOG_INPUT_VERSION               ; SystemVerilog_2005                     ; Verilog_2001  ; --          ; --             ;
; VERILOG_SHOW_LMF_MAPPING_MESSAGES   ; Off                                    ; --            ; --          ; --             ;
+-------------------------------------+----------------------------------------+---------------+-------------+----------------+


+--------------------------------------------------------------------------------------------------------------------------+
; Flow Elapsed Time                                                                                                        ;
+----------------------+--------------+-------------------------+---------------------+------------------------------------+
; Module Name          ; Elapsed Time ; Average Processors Used ; Peak Virtual Memory ; Total CPU Time (on all processors) ;
+----------------------+--------------+-------------------------+---------------------+------------------------------------+
; Analysis & Synthesis ; 00:00:37     ; 1.0                     ; 806 MB              ; 00:01:00                           ;
; Fitter               ; 00:03:26     ; 1.1                     ; 2251 MB             ; 00:06:16                           ;
; Assembler            ; 00:00:16     ; 1.0                     ; 807 MB              ; 00:00:13                           ;
; Timing Analyzer      ; 00:00:28     ; 1.6                     ; 1119 MB             ; 00:00:38                           ;
; EDA Netlist Writer   ; 00:00:03     ; 1.0                     ; 678 MB              ; 00:00:03                           ;
; EDA Netlist Writer   ; 00:00:06     ; 1.0                     ; 694 MB              ; 00:00:05                           ;
; Total                ; 00:04:56     ; --                      ; --                  ; 00:08:15                           ;
+----------------------+--------------+-------------------------+---------------------+------------------------------------+


+------------------------------------------------------------------------------------+
; Flow OS Summary                                                                    ;
+----------------------+------------------+------------+------------+----------------+
; Module Name          ; Machine Hostname ; OS Name    ; OS Version ; Processor type ;
+----------------------+------------------+------------+------------+----------------+
; Analysis & Synthesis ; Thiago-DESKTOP   ; Windows 10 ; 10.0       ; x86_64         ;
; Fitter               ; Thiago-DESKTOP   ; Windows 10 ; 10.0       ; x86_64         ;
; Assembler            ; Thiago-DESKTOP   ; Windows 10 ; 10.0       ; x86_64         ;
; Timing Analyzer      ; Thiago-DESKTOP   ; Windows 10 ; 10.0       ; x86_64         ;
; EDA Netlist Writer   ; Thiago-DESKTOP   ; Windows 10 ; 10.0       ; x86_64         ;
; EDA Netlist Writer   ; Thiago-DESKTOP   ; Windows 10 ; 10.0       ; x86_64         ;
+----------------------+------------------+------------+------------+----------------+


------------
; Flow Log ;
------------
quartus_map --read_settings_files=on --write_settings_files=off RISCV -c TopDE
quartus_fit --read_settings_files=off --write_settings_files=off RISCV -c TopDE
quartus_asm --read_settings_files=off --write_settings_files=off RISCV -c TopDE
quartus_sta RISCV -c TopDE
quartus_eda --gen_testbench --tool=modelsim_oem --format=verilog --write_settings_files=off RISCV -c TopDE --vector_source=C:/Users/tvmma/Downloads/RISCV-v1.0/Core/Waveform.vwf --testbench_file=C:/Users/tvmma/Downloads/RISCV-v1.0/Core/simulation/qsim/Waveform.vwf.vt
quartus_eda --write_settings_files=off --simulation=on --functional=on --flatten_buses=off --tool=modelsim_oem --format=verilog --output_directory=C:/Users/tvmma/Downloads/RISCV-v1.0/Core/simulation/qsim/ RISCV -c TopDE



