Analysis & Synthesis report for TopDE
Mon Jun 18 22:23:57 2018
Quartus Prime Version 18.0.0 Build 614 04/24/2018 SJ Lite Edition


---------------------
; Table of Contents ;
---------------------
  1. Legal Notice
  2. Analysis & Synthesis Summary
  3. Analysis & Synthesis Settings
  4. Parallel Compilation
  5. Analysis & Synthesis Source Files Read
  6. Analysis & Synthesis Resource Usage Summary
  7. Analysis & Synthesis Resource Utilization by Entity
  8. State Machine - |Control_MULTI|pr_state
  9. User-Specified and Inferred Latches
 10. Registers Removed During Synthesis
 11. General Register Statistics
 12. Multiplexer Restructuring Statistics (Restructuring Performed)
 13. Post-Synthesis Netlist Statistics for Top Partition
 14. Elapsed Time Per Partition
 15. Analysis & Synthesis Messages
 16. Analysis & Synthesis Suppressed Messages



----------------
; Legal Notice ;
----------------
Copyright (C) 2018  Intel Corporation. All rights reserved.
Your use of Intel Corporation's design tools, logic functions 
and other software and tools, and its AMPP partner logic 
functions, and any output files from any of the foregoing 
(including device programming or simulation files), and any 
associated documentation or information are expressly subject 
to the terms and conditions of the Intel Program License 
Subscription Agreement, the Intel Quartus Prime License Agreement,
the Intel FPGA IP License Agreement, or other applicable license
agreement, including, without limitation, that your use is for
the sole purpose of programming logic devices manufactured by
Intel and sold by Intel or its authorized distributors.  Please
refer to the applicable agreement for further details.



+-------------------------------------------------------------------------------+
; Analysis & Synthesis Summary                                                  ;
+---------------------------------+---------------------------------------------+
; Analysis & Synthesis Status     ; Successful - Mon Jun 18 22:23:57 2018       ;
; Quartus Prime Version           ; 18.0.0 Build 614 04/24/2018 SJ Lite Edition ;
; Revision Name                   ; TopDE                                       ;
; Top-level Entity Name           ; Control_MULTI                               ;
; Family                          ; Cyclone V                                   ;
; Logic utilization (in ALMs)     ; N/A                                         ;
; Total registers                 ; 5                                           ;
; Total pins                      ; 24                                          ;
; Total virtual pins              ; 0                                           ;
; Total block memory bits         ; 0                                           ;
; Total DSP Blocks                ; 0                                           ;
; Total HSSI RX PCSs              ; 0                                           ;
; Total HSSI PMA RX Deserializers ; 0                                           ;
; Total HSSI TX PCSs              ; 0                                           ;
; Total HSSI PMA TX Serializers   ; 0                                           ;
; Total PLLs                      ; 0                                           ;
; Total DLLs                      ; 0                                           ;
+---------------------------------+---------------------------------------------+


+---------------------------------------------------------------------------------------------------------------------------+
; Analysis & Synthesis Settings                                                                                             ;
+---------------------------------------------------------------------------------+--------------------+--------------------+
; Option                                                                          ; Setting            ; Default Value      ;
+---------------------------------------------------------------------------------+--------------------+--------------------+
; Device                                                                          ; 5CSEMA5F31C6       ;                    ;
; Top-level entity name                                                           ; Control_MULTI      ; TopDE              ;
; Family name                                                                     ; Cyclone V          ; Cyclone V          ;
; Use smart compilation                                                           ; On                 ; Off                ;
; Maximum processors allowed for parallel compilation                             ; All                ;                    ;
; Verilog Show LMF Mapping Messages                                               ; Off                ;                    ;
; Verilog Version                                                                 ; SystemVerilog_2005 ; Verilog_2001       ;
; Enable parallel Assembler and Timing Analyzer during compilation                ; On                 ; On                 ;
; Enable compact report table                                                     ; Off                ; Off                ;
; Restructure Multiplexers                                                        ; Auto               ; Auto               ;
; MLAB Add Timing Constraints For Mixed-Port Feed-Through Mode Setting Don't Care ; Off                ; Off                ;
; Create Debugging Nodes for IP Cores                                             ; Off                ; Off                ;
; Preserve fewer node names                                                       ; On                 ; On                 ;
; Intel FPGA IP Evaluation Mode                                                   ; Enable             ; Enable             ;
; VHDL Version                                                                    ; VHDL_1993          ; VHDL_1993          ;
; State Machine Processing                                                        ; Auto               ; Auto               ;
; Safe State Machine                                                              ; Off                ; Off                ;
; Extract Verilog State Machines                                                  ; On                 ; On                 ;
; Extract VHDL State Machines                                                     ; On                 ; On                 ;
; Ignore Verilog initial constructs                                               ; Off                ; Off                ;
; Iteration limit for constant Verilog loops                                      ; 5000               ; 5000               ;
; Iteration limit for non-constant Verilog loops                                  ; 250                ; 250                ;
; Add Pass-Through Logic to Inferred RAMs                                         ; On                 ; On                 ;
; Infer RAMs from Raw Logic                                                       ; On                 ; On                 ;
; Parallel Synthesis                                                              ; On                 ; On                 ;
; DSP Block Balancing                                                             ; Auto               ; Auto               ;
; NOT Gate Push-Back                                                              ; On                 ; On                 ;
; Power-Up Don't Care                                                             ; On                 ; On                 ;
; Remove Redundant Logic Cells                                                    ; Off                ; Off                ;
; Remove Duplicate Registers                                                      ; On                 ; On                 ;
; Ignore CARRY Buffers                                                            ; Off                ; Off                ;
; Ignore CASCADE Buffers                                                          ; Off                ; Off                ;
; Ignore GLOBAL Buffers                                                           ; Off                ; Off                ;
; Ignore ROW GLOBAL Buffers                                                       ; Off                ; Off                ;
; Ignore LCELL Buffers                                                            ; Off                ; Off                ;
; Ignore SOFT Buffers                                                             ; On                 ; On                 ;
; Limit AHDL Integers to 32 Bits                                                  ; Off                ; Off                ;
; Optimization Technique                                                          ; Balanced           ; Balanced           ;
; Carry Chain Length                                                              ; 70                 ; 70                 ;
; Auto Carry Chains                                                               ; On                 ; On                 ;
; Auto Open-Drain Pins                                                            ; On                 ; On                 ;
; Perform WYSIWYG Primitive Resynthesis                                           ; Off                ; Off                ;
; Auto ROM Replacement                                                            ; On                 ; On                 ;
; Auto RAM Replacement                                                            ; On                 ; On                 ;
; Auto DSP Block Replacement                                                      ; On                 ; On                 ;
; Auto Shift Register Replacement                                                 ; Auto               ; Auto               ;
; Allow Shift Register Merging across Hierarchies                                 ; Auto               ; Auto               ;
; Auto Clock Enable Replacement                                                   ; On                 ; On                 ;
; Strict RAM Replacement                                                          ; Off                ; Off                ;
; Allow Synchronous Control Signals                                               ; On                 ; On                 ;
; Force Use of Synchronous Clear Signals                                          ; Off                ; Off                ;
; Auto Resource Sharing                                                           ; Off                ; Off                ;
; Allow Any RAM Size For Recognition                                              ; Off                ; Off                ;
; Allow Any ROM Size For Recognition                                              ; Off                ; Off                ;
; Allow Any Shift Register Size For Recognition                                   ; Off                ; Off                ;
; Use LogicLock Constraints during Resource Balancing                             ; On                 ; On                 ;
; Ignore translate_off and synthesis_off directives                               ; Off                ; Off                ;
; Timing-Driven Synthesis                                                         ; On                 ; On                 ;
; Report Parameter Settings                                                       ; On                 ; On                 ;
; Report Source Assignments                                                       ; On                 ; On                 ;
; Report Connectivity Checks                                                      ; On                 ; On                 ;
; Ignore Maximum Fan-Out Assignments                                              ; Off                ; Off                ;
; Synchronization Register Chain Length                                           ; 3                  ; 3                  ;
; Power Optimization During Synthesis                                             ; Normal compilation ; Normal compilation ;
; HDL message level                                                               ; Level2             ; Level2             ;
; Suppress Register Optimization Related Messages                                 ; Off                ; Off                ;
; Number of Removed Registers Reported in Synthesis Report                        ; 5000               ; 5000               ;
; Number of Swept Nodes Reported in Synthesis Report                              ; 5000               ; 5000               ;
; Number of Inverted Registers Reported in Synthesis Report                       ; 100                ; 100                ;
; Clock MUX Protection                                                            ; On                 ; On                 ;
; Auto Gated Clock Conversion                                                     ; Off                ; Off                ;
; Block Design Naming                                                             ; Auto               ; Auto               ;
; SDC constraint protection                                                       ; Off                ; Off                ;
; Synthesis Effort                                                                ; Auto               ; Auto               ;
; Shift Register Replacement - Allow Asynchronous Clear Signal                    ; On                 ; On                 ;
; Pre-Mapping Resynthesis Optimization                                            ; Off                ; Off                ;
; Analysis & Synthesis Message Level                                              ; Medium             ; Medium             ;
; Disable Register Merging Across Hierarchies                                     ; Auto               ; Auto               ;
; Resource Aware Inference For Block RAM                                          ; On                 ; On                 ;
; Automatic Parallel Synthesis                                                    ; On                 ; On                 ;
; Partial Reconfiguration Bitstream ID                                            ; Off                ; Off                ;
+---------------------------------------------------------------------------------+--------------------+--------------------+


+------------------------------------------+
; Parallel Compilation                     ;
+----------------------------+-------------+
; Processors                 ; Number      ;
+----------------------------+-------------+
; Number detected on machine ; 4           ;
; Maximum allowed            ; 2           ;
;                            ;             ;
; Average used               ; 1.00        ;
; Maximum used               ; 2           ;
;                            ;             ;
; Usage by Processor         ; % Time Used ;
;     Processor 1            ; 100.0%      ;
;     Processor 2            ;   0.0%      ;
+----------------------------+-------------+


+------------------------------------------------------------------------------------------------------------------------------------------------------------------------+
; Analysis & Synthesis Source Files Read                                                                                                                                 ;
+----------------------------------+-----------------+------------------------+--------------------------------------------------------------------------------+---------+
; File Name with User-Entered Path ; Used in Netlist ; File Type              ; File Name with Absolute Path                                                   ; Library ;
+----------------------------------+-----------------+------------------------+--------------------------------------------------------------------------------+---------+
; CPU/Control_MULTI.v              ; yes             ; User Verilog HDL File  ; C:/Users/tvmma/Desktop/Git/OAC/2018-1/Lab4/RISCV-v1.0/Core/CPU/Control_MULTI.v ;         ;
; Parametros.v                     ; yes             ; User Verilog HDL File  ; C:/Users/tvmma/Desktop/Git/OAC/2018-1/Lab4/RISCV-v1.0/Core/Parametros.v        ;         ;
+----------------------------------+-----------------+------------------------+--------------------------------------------------------------------------------+---------+


+------------------------------------------------------------+
; Analysis & Synthesis Resource Usage Summary                ;
+---------------------------------------------+--------------+
; Resource                                    ; Usage        ;
+---------------------------------------------+--------------+
; Estimate of Logic utilization (ALMs needed) ; 25           ;
;                                             ;              ;
; Combinational ALUT usage for logic          ; 42           ;
;     -- 7 input functions                    ; 0            ;
;     -- 6 input functions                    ; 6            ;
;     -- 5 input functions                    ; 7            ;
;     -- 4 input functions                    ; 11           ;
;     -- <=3 input functions                  ; 18           ;
;                                             ;              ;
; Dedicated logic registers                   ; 5            ;
;                                             ;              ;
; I/O pins                                    ; 24           ;
;                                             ;              ;
; Total DSP Blocks                            ; 0            ;
;                                             ;              ;
; Maximum fan-out node                        ; pr_state.EXE ;
; Maximum fan-out                             ; 12           ;
; Total fan-out                               ; 216          ;
; Average fan-out                             ; 2.27         ;
+---------------------------------------------+--------------+


+------------------------------------------------------------------------------------------------------------------------------------------------------------------------------------------+
; Analysis & Synthesis Resource Utilization by Entity                                                                                                                                      ;
+----------------------------+---------------------+---------------------------+-------------------+------------+------+--------------+---------------------+---------------+--------------+
; Compilation Hierarchy Node ; Combinational ALUTs ; Dedicated Logic Registers ; Block Memory Bits ; DSP Blocks ; Pins ; Virtual Pins ; Full Hierarchy Name ; Entity Name   ; Library Name ;
+----------------------------+---------------------+---------------------------+-------------------+------------+------+--------------+---------------------+---------------+--------------+
; |Control_MULTI             ; 42 (42)             ; 5 (5)                     ; 0                 ; 0          ; 24   ; 0            ; |Control_MULTI      ; Control_MULTI ; work         ;
+----------------------------+---------------------+---------------------------+-------------------+------------+------+--------------+---------------------+---------------+--------------+
Note: For table entries with two numbers listed, the numbers in parentheses indicate the number of resources of the given type used by the specific entity alone. The numbers listed outside of parentheses indicate the total resources of the given type used by the specific entity and all of its sub-entities in the hierarchy.


Encoding Type:  One-Hot
+----------------------------------------------------------------------------------------------------------------------+
; State Machine - |Control_MULTI|pr_state                                                                              ;
+-----------------------+-----------------------+--------------+-----------------+----------------+--------------------+
; Name                  ; pr_state.ACCESSorCONC ; pr_state.EXE ; pr_state.DECODE ; pr_state.FETCH ; pr_state.CONC_LOAD ;
+-----------------------+-----------------------+--------------+-----------------+----------------+--------------------+
; pr_state.FETCH        ; 0                     ; 0            ; 0               ; 0              ; 0                  ;
; pr_state.DECODE       ; 0                     ; 0            ; 1               ; 1              ; 0                  ;
; pr_state.EXE          ; 0                     ; 1            ; 0               ; 1              ; 0                  ;
; pr_state.ACCESSorCONC ; 1                     ; 0            ; 0               ; 1              ; 0                  ;
; pr_state.CONC_LOAD    ; 0                     ; 0            ; 0               ; 1              ; 1                  ;
+-----------------------+-----------------------+--------------+-----------------+----------------+--------------------+


+----------------------------------------------------------------------------------------------------+
; User-Specified and Inferred Latches                                                                ;
+-----------------------------------------------------+---------------------+------------------------+
; Latch Name                                          ; Latch Enable Signal ; Free of Timing Hazards ;
+-----------------------------------------------------+---------------------+------------------------+
; word[1]                                             ; Selector13          ; yes                    ;
; word[11]                                            ; Selector13          ; yes                    ;
; word[4]                                             ; Selector13          ; yes                    ;
; word[7]                                             ; Selector13          ; yes                    ;
; word[6]                                             ; Selector13          ; yes                    ;
; word[12]                                            ; Selector13          ; yes                    ;
; word[10]                                            ; WideOr8             ; yes                    ;
; word[5]                                             ; Selector13          ; yes                    ;
; word[0]                                             ; WideOr8             ; yes                    ;
; word[2]                                             ; Selector13          ; yes                    ;
; word[3]                                             ; Selector13          ; yes                    ;
; word[13]                                            ; WideOr8             ; yes                    ;
; word[14]                                            ; Selector13          ; yes                    ;
; Number of user-specified and inferred latches = 13  ;                     ;                        ;
+-----------------------------------------------------+---------------------+------------------------+
Note: All latches listed above may not be present at the end of synthesis due to various synthesis optimizations.


+------------------------------------------------------------+
; Registers Removed During Synthesis                         ;
+---------------------------------------+--------------------+
; Register name                         ; Reason for Removal ;
+---------------------------------------+--------------------+
; pr_state~4                            ; Lost fanout        ;
; pr_state~5                            ; Lost fanout        ;
; pr_state~7                            ; Lost fanout        ;
; pr_state~8                            ; Lost fanout        ;
; pr_state~9                            ; Lost fanout        ;
; Total Number of Removed Registers = 5 ;                    ;
+---------------------------------------+--------------------+


+------------------------------------------------------+
; General Register Statistics                          ;
+----------------------------------------------+-------+
; Statistic                                    ; Value ;
+----------------------------------------------+-------+
; Total registers                              ; 5     ;
; Number of registers using Synchronous Clear  ; 0     ;
; Number of registers using Synchronous Load   ; 0     ;
; Number of registers using Asynchronous Clear ; 5     ;
; Number of registers using Asynchronous Load  ; 0     ;
; Number of registers using Clock Enable       ; 0     ;
; Number of registers using Preset             ; 0     ;
+----------------------------------------------+-------+


+------------------------------------------------------------------------------------------------------------------------------------------+
; Multiplexer Restructuring Statistics (Restructuring Performed)                                                                           ;
+--------------------+-----------+---------------+----------------------+------------------------+------------+----------------------------+
; Multiplexer Inputs ; Bus Width ; Baseline Area ; Area if Restructured ; Saving if Restructured ; Registered ; Example Multiplexer Output ;
+--------------------+-----------+---------------+----------------------+------------------------+------------+----------------------------+
; 4:1                ; 2 bits    ; 4 LEs         ; 4 LEs                ; 0 LEs                  ; No         ; |Control_MULTI|Selector15  ;
+--------------------+-----------+---------------+----------------------+------------------------+------------+----------------------------+


+-----------------------------------------------------+
; Post-Synthesis Netlist Statistics for Top Partition ;
+-----------------------+-----------------------------+
; Type                  ; Count                       ;
+-----------------------+-----------------------------+
; arriav_ff             ; 5                           ;
;     CLR               ; 5                           ;
; arriav_lcell_comb     ; 43                          ;
;     normal            ; 43                          ;
;         0 data inputs ; 1                           ;
;         1 data inputs ; 1                           ;
;         2 data inputs ; 3                           ;
;         3 data inputs ; 14                          ;
;         4 data inputs ; 11                          ;
;         5 data inputs ; 7                           ;
;         6 data inputs ; 6                           ;
; boundary_port         ; 24                          ;
;                       ;                             ;
; Max LUT depth         ; 3.00                        ;
; Average LUT depth     ; 2.40                        ;
+-----------------------+-----------------------------+


+-------------------------------+
; Elapsed Time Per Partition    ;
+----------------+--------------+
; Partition Name ; Elapsed Time ;
+----------------+--------------+
; Top            ; 00:00:01     ;
+----------------+--------------+


+-------------------------------+
; Analysis & Synthesis Messages ;
+-------------------------------+
Info: *******************************************************************
Info: Running Quartus Prime Analysis & Synthesis
    Info: Version 18.0.0 Build 614 04/24/2018 SJ Lite Edition
    Info: Processing started: Mon Jun 18 22:23:28 2018
Info: Command: quartus_map --read_settings_files=on --write_settings_files=off RISCV -c TopDE
Info (20030): Parallel compilation is enabled and will use 2 of the 2 processors detected
Info (12021): Found 1 design units, including 1 entities, in source file cpu/control_multi.v
    Info (12023): Found entity 1: Control_MULTI File: C:/Users/tvmma/Desktop/Git/OAC/2018-1/Lab4/RISCV-v1.0/Core/CPU/Control_MULTI.v Line: 5
Info (12021): Found 1 design units, including 1 entities, in source file topde.v
    Info (12023): Found entity 1: TopDE File: C:/Users/tvmma/Desktop/Git/OAC/2018-1/Lab4/RISCV-v1.0/Core/TopDE.v Line: 193
Info (12021): Found 0 design units, including 0 entities, in source file parametros.v
Info (12021): Found 1 design units, including 1 entities, in source file cpu/cpu.v
    Info (12023): Found entity 1: CPU File: C:/Users/tvmma/Desktop/Git/OAC/2018-1/Lab4/RISCV-v1.0/Core/CPU/CPU.v Line: 4
Warning (10275): Verilog HDL Module Instantiation warning at Datapath_UNI.v(128): ignored dangling comma in List of Port Connections File: C:/Users/tvmma/Desktop/Git/OAC/2018-1/Lab4/RISCV-v1.0/Core/CPU/Datapath_UNI.v Line: 128
Info (12021): Found 1 design units, including 1 entities, in source file cpu/datapath_uni.v
    Info (12023): Found entity 1: Datapath_UNI File: C:/Users/tvmma/Desktop/Git/OAC/2018-1/Lab4/RISCV-v1.0/Core/CPU/Datapath_UNI.v Line: 7
Info (12021): Found 1 design units, including 1 entities, in source file cpu/control_uni.v
    Info (12023): Found entity 1: Control_UNI File: C:/Users/tvmma/Desktop/Git/OAC/2018-1/Lab4/RISCV-v1.0/Core/CPU/Control_UNI.v Line: 6
Info (12021): Found 1 design units, including 1 entities, in source file cpu/alu.v
    Info (12023): Found entity 1: ALU File: C:/Users/tvmma/Desktop/Git/OAC/2018-1/Lab4/RISCV-v1.0/Core/CPU/ALU.v Line: 8
Info (12021): Found 1 design units, including 1 entities, in source file cpu/alucontrol.v
    Info (12023): Found entity 1: ALUControl File: C:/Users/tvmma/Desktop/Git/OAC/2018-1/Lab4/RISCV-v1.0/Core/CPU/ALUControl.v Line: 16
Info (12021): Found 1 design units, including 1 entities, in source file cpu/registers.v
    Info (12023): Found entity 1: Registers File: C:/Users/tvmma/Desktop/Git/OAC/2018-1/Lab4/RISCV-v1.0/Core/CPU/Registers.v Line: 15
Info (12021): Found 1 design units, including 1 entities, in source file cpu/hazardunitm.v
    Info (12023): Found entity 1: HazardUnitM File: C:/Users/tvmma/Desktop/Git/OAC/2018-1/Lab4/RISCV-v1.0/Core/CPU/HazardUnitM.v Line: 4
Info (12021): Found 1 design units, including 1 entities, in source file cpu/forwardunitm.v
    Info (12023): Found entity 1: ForwardUnitM File: C:/Users/tvmma/Desktop/Git/OAC/2018-1/Lab4/RISCV-v1.0/Core/CPU/ForwardUnitM.v Line: 21
Info (12021): Found 1 design units, including 1 entities, in source file memoria/memstore.v
    Info (12023): Found entity 1: MemStore File: C:/Users/tvmma/Desktop/Git/OAC/2018-1/Lab4/RISCV-v1.0/Core/Memoria/MemStore.v Line: 4
Info (12021): Found 1 design units, including 1 entities, in source file memoria/memory_interface.v
    Info (12023): Found entity 1: Memory_Interface File: C:/Users/tvmma/Desktop/Git/OAC/2018-1/Lab4/RISCV-v1.0/Core/Memoria/Memory_Interface.v Line: 2
Info (12021): Found 1 design units, including 1 entities, in source file memoria/memload.v
    Info (12023): Found entity 1: MemLoad File: C:/Users/tvmma/Desktop/Git/OAC/2018-1/Lab4/RISCV-v1.0/Core/Memoria/MemLoad.v Line: 7
Info (12021): Found 1 design units, including 1 entities, in source file memoria/datamemory_interface.v
    Info (12023): Found entity 1: DataMemory_Interface File: C:/Users/tvmma/Desktop/Git/OAC/2018-1/Lab4/RISCV-v1.0/Core/Memoria/DataMemory_Interface.v Line: 2
Info (12021): Found 1 design units, including 1 entities, in source file memoria/codememory_interface.v
    Info (12023): Found entity 1: CodeMemory_Interface File: C:/Users/tvmma/Desktop/Git/OAC/2018-1/Lab4/RISCV-v1.0/Core/Memoria/CodeMemory_Interface.v Line: 2
Info (12021): Found 1 design units, including 1 entities, in source file memoria/bootblock.v
    Info (12023): Found entity 1: BootBlock File: C:/Users/tvmma/Desktop/Git/OAC/2018-1/Lab4/RISCV-v1.0/Core/Memoria/BootBlock.v Line: 39
Info (12021): Found 1 design units, including 1 entities, in source file memoria/syscodeblock.v
    Info (12023): Found entity 1: SysCodeBlock File: C:/Users/tvmma/Desktop/Git/OAC/2018-1/Lab4/RISCV-v1.0/Core/Memoria/SysCodeBlock.v Line: 39
Info (12021): Found 1 design units, including 1 entities, in source file memoria/sysdatablock.v
    Info (12023): Found entity 1: SysDataBlock File: C:/Users/tvmma/Desktop/Git/OAC/2018-1/Lab4/RISCV-v1.0/Core/Memoria/SysDataBlock.v Line: 39
Info (12021): Found 1 design units, including 1 entities, in source file memoria/usercodeblock.v
    Info (12023): Found entity 1: UserCodeBlock File: C:/Users/tvmma/Desktop/Git/OAC/2018-1/Lab4/RISCV-v1.0/Core/Memoria/UserCodeBlock.v Line: 39
Info (12021): Found 1 design units, including 1 entities, in source file memoria/userdatablock.v
    Info (12023): Found entity 1: UserDataBlock File: C:/Users/tvmma/Desktop/Git/OAC/2018-1/Lab4/RISCV-v1.0/Core/Memoria/UserDataBlock.v Line: 39
Info (12021): Found 1 design units, including 1 entities, in source file vga/vgaadapter.v
    Info (12023): Found entity 1: VgaAdapter File: C:/Users/tvmma/Desktop/Git/OAC/2018-1/Lab4/RISCV-v1.0/Core/VGA/VgaAdapter.v Line: 14
Info (12021): Found 1 design units, including 1 entities, in source file vga/vga_interface.v
    Info (12023): Found entity 1: VGA_Interface File: C:/Users/tvmma/Desktop/Git/OAC/2018-1/Lab4/RISCV-v1.0/Core/VGA/VGA_Interface.v Line: 6
Info (12021): Found 1 design units, including 1 entities, in source file vga/regdisplay.v
    Info (12023): Found entity 1: RegDisplay File: C:/Users/tvmma/Desktop/Git/OAC/2018-1/Lab4/RISCV-v1.0/Core/VGA/RegDisplay.v Line: 1
Info (12021): Found 1 design units, including 1 entities, in source file vga/hexfont.v
    Info (12023): Found entity 1: HexFont File: C:/Users/tvmma/Desktop/Git/OAC/2018-1/Lab4/RISCV-v1.0/Core/VGA/HexFont.v Line: 1
Info (12021): Found 1 design units, including 1 entities, in source file vga/memoryvga.v
    Info (12023): Found entity 1: MemoryVGA File: C:/Users/tvmma/Desktop/Git/OAC/2018-1/Lab4/RISCV-v1.0/Core/VGA/MemoryVGA.v Line: 39
Info (12021): Found 1 design units, including 1 entities, in source file vga/vgapll.v
    Info (12023): Found entity 1: VgaPll File: C:/Users/tvmma/Desktop/Git/OAC/2018-1/Lab4/RISCV-v1.0/Core/VGA/VgaPll.v Line: 8
Info (12021): Found 1 design units, including 1 entities, in source file vga/vgapll/vgapll_0002.v
    Info (12023): Found entity 1: VgaPll_0002 File: C:/Users/tvmma/Desktop/Git/OAC/2018-1/Lab4/RISCV-v1.0/Core/VGA/VgaPll/VgaPll_0002.v Line: 2
Info (12021): Found 1 design units, including 1 entities, in source file tempo/reset_delay.v
    Info (12023): Found entity 1: Reset_Delay File: C:/Users/tvmma/Desktop/Git/OAC/2018-1/Lab4/RISCV-v1.0/Core/Tempo/reset_delay.v Line: 1
Info (12021): Found 1 design units, including 1 entities, in source file tempo/oneshot.v
    Info (12023): Found entity 1: oneshot File: C:/Users/tvmma/Desktop/Git/OAC/2018-1/Lab4/RISCV-v1.0/Core/Tempo/oneshot.v Line: 1
Info (12021): Found 1 design units, including 1 entities, in source file tempo/break_interface.v
    Info (12023): Found entity 1: Break_Interface File: C:/Users/tvmma/Desktop/Git/OAC/2018-1/Lab4/RISCV-v1.0/Core/Tempo/Break_Interface.v Line: 2
Info (12021): Found 1 design units, including 1 entities, in source file tempo/pll_main.v
    Info (12023): Found entity 1: PLL_Main File: C:/Users/tvmma/Desktop/Git/OAC/2018-1/Lab4/RISCV-v1.0/Core/Tempo/PLL_Main.v Line: 8
Info (12021): Found 1 design units, including 1 entities, in source file tempo/pll_main/pll_main_0002.v
    Info (12023): Found entity 1: PLL_Main_0002 File: C:/Users/tvmma/Desktop/Git/OAC/2018-1/Lab4/RISCV-v1.0/Core/Tempo/PLL_Main/PLL_Main_0002.v Line: 2
Info (12021): Found 2 design units, including 2 entities, in source file tempo/break.v
    Info (12023): Found entity 1: break_lpm_constant_kva File: C:/Users/tvmma/Desktop/Git/OAC/2018-1/Lab4/RISCV-v1.0/Core/Tempo/break.v Line: 46
    Info (12023): Found entity 2: break File: C:/Users/tvmma/Desktop/Git/OAC/2018-1/Lab4/RISCV-v1.0/Core/Tempo/break.v Line: 74
Info (12021): Found 1 design units, including 1 entities, in source file stopwatch/stopwatch_interface.v
    Info (12023): Found entity 1: STOPWATCH_Interface File: C:/Users/tvmma/Desktop/Git/OAC/2018-1/Lab4/RISCV-v1.0/Core/stopwatch/STOPWATCH_Interface.v Line: 1
Info (12021): Found 1 design units, including 1 entities, in source file stopwatch/stopwatch_divider_clk.v
    Info (12023): Found entity 1: Stopwatch_divider_clk File: C:/Users/tvmma/Desktop/Git/OAC/2018-1/Lab4/RISCV-v1.0/Core/stopwatch/Stopwatch_divider_clk.v Line: 1
Info (12021): Found 1 design units, including 1 entities, in source file sintetizador/syscallsynthcontrol.sv
    Info (12023): Found entity 1: SyscallSynthControl File: C:/Users/tvmma/Desktop/Git/OAC/2018-1/Lab4/RISCV-v1.0/Core/Sintetizador/SyscallSynthControl.sv Line: 1
Info (12021): Found 2 design units, including 2 entities, in source file sintetizador/synthesizer.sv
    Info (12023): Found entity 1: SampleSynthesizer File: C:/Users/tvmma/Desktop/Git/OAC/2018-1/Lab4/RISCV-v1.0/Core/Sintetizador/Synthesizer.sv Line: 3
    Info (12023): Found entity 2: PolyphonicSynthesizer File: C:/Users/tvmma/Desktop/Git/OAC/2018-1/Lab4/RISCV-v1.0/Core/Sintetizador/Synthesizer.sv Line: 75
Info (12021): Found 1 design units, including 1 entities, in source file sintetizador/synthcontrol.v
    Info (12023): Found entity 1: SynthControl File: C:/Users/tvmma/Desktop/Git/OAC/2018-1/Lab4/RISCV-v1.0/Core/Sintetizador/SynthControl.v Line: 1
Info (12021): Found 1 design units, including 1 entities, in source file sintetizador/sintetizador_interface.v
    Info (12023): Found entity 1: Sintetizador_Interface File: C:/Users/tvmma/Desktop/Git/OAC/2018-1/Lab4/RISCV-v1.0/Core/Sintetizador/Sintetizador_Interface.v Line: 1
Info (12021): Found 1 design units, including 1 entities, in source file sintetizador/sintetizador.v
    Info (12023): Found entity 1: Sintetizador File: C:/Users/tvmma/Desktop/Git/OAC/2018-1/Lab4/RISCV-v1.0/Core/Sintetizador/Sintetizador.v Line: 1
Info (12021): Found 1 design units, including 1 entities, in source file sintetizador/sinetable.v
    Info (12023): Found entity 1: SineTable File: C:/Users/tvmma/Desktop/Git/OAC/2018-1/Lab4/RISCV-v1.0/Core/Sintetizador/SineTable.v Line: 39
Info (12021): Found 1 design units, including 1 entities, in source file sintetizador/sinecalculator.sv
    Info (12023): Found entity 1: SineCalculator File: C:/Users/tvmma/Desktop/Git/OAC/2018-1/Lab4/RISCV-v1.0/Core/Sintetizador/SineCalculator.sv Line: 3
Info (12021): Found 2 design units, including 1 entities, in source file sintetizador/oscillator.sv
    Info (12022): Found design unit 1: OscillatorSine (SystemVerilog) File: C:/Users/tvmma/Desktop/Git/OAC/2018-1/Lab4/RISCV-v1.0/Core/Sintetizador/Oscillator.sv Line: 40
    Info (12023): Found entity 1: Oscillator File: C:/Users/tvmma/Desktop/Git/OAC/2018-1/Lab4/RISCV-v1.0/Core/Sintetizador/Oscillator.sv Line: 3
Info (12021): Found 1 design units, including 1 entities, in source file sintetizador/notetable.v
    Info (12023): Found entity 1: NoteTable File: C:/Users/tvmma/Desktop/Git/OAC/2018-1/Lab4/RISCV-v1.0/Core/Sintetizador/NoteTable.v Line: 39
Info (12021): Found 2 design units, including 2 entities, in source file sintetizador/note.sv
    Info (12023): Found entity 1: NoteController File: C:/Users/tvmma/Desktop/Git/OAC/2018-1/Lab4/RISCV-v1.0/Core/Sintetizador/Note.sv Line: 3
    Info (12023): Found entity 2: NoteInfoDatabase File: C:/Users/tvmma/Desktop/Git/OAC/2018-1/Lab4/RISCV-v1.0/Core/Sintetizador/Note.sv Line: 35
Info (12021): Found 2 design units, including 1 entities, in source file sintetizador/filter.sv
    Info (12022): Found design unit 1: DigitalFilterSine (SystemVerilog) File: C:/Users/tvmma/Desktop/Git/OAC/2018-1/Lab4/RISCV-v1.0/Core/Sintetizador/Filter.sv Line: 59
    Info (12023): Found entity 1: DigitalFilter File: C:/Users/tvmma/Desktop/Git/OAC/2018-1/Lab4/RISCV-v1.0/Core/Sintetizador/Filter.sv Line: 3
Info (12021): Found 1 design units, including 1 entities, in source file sintetizador/envelope.sv
    Info (12023): Found entity 1: Envelope File: C:/Users/tvmma/Desktop/Git/OAC/2018-1/Lab4/RISCV-v1.0/Core/Sintetizador/Envelope.sv Line: 2
Info (12021): Found 2 design units, including 2 entities, in source file sintetizador/channel.sv
    Info (12023): Found entity 1: ChannelBank File: C:/Users/tvmma/Desktop/Git/OAC/2018-1/Lab4/RISCV-v1.0/Core/Sintetizador/Channel.sv Line: 3
    Info (12023): Found entity 2: Mixer File: C:/Users/tvmma/Desktop/Git/OAC/2018-1/Lab4/RISCV-v1.0/Core/Sintetizador/Channel.sv Line: 29
Info (12021): Found 1 design units, including 1 entities, in source file ps2/tecladops2.v
    Info (12023): Found entity 1: tecladoPS2 File: C:/Users/tvmma/Desktop/Git/OAC/2018-1/Lab4/RISCV-v1.0/Core/PS2/tecladoPS2.v Line: 1
Info (12021): Found 1 design units, including 1 entities, in source file ps2/scan2ascii.v
    Info (12023): Found entity 1: scan2ascii File: C:/Users/tvmma/Desktop/Git/OAC/2018-1/Lab4/RISCV-v1.0/Core/PS2/scan2ascii.v Line: 1
Info (12021): Found 1 design units, including 1 entities, in source file ps2/ps2_controller.v
    Info (12023): Found entity 1: PS2_Controller File: C:/Users/tvmma/Desktop/Git/OAC/2018-1/Lab4/RISCV-v1.0/Core/PS2/PS2_Controller.v Line: 9
Info (12021): Found 1 design units, including 1 entities, in source file ps2/mouseps2_interface.v
    Info (12023): Found entity 1: MousePS2_Interface File: C:/Users/tvmma/Desktop/Git/OAC/2018-1/Lab4/RISCV-v1.0/Core/PS2/MousePS2_Interface.v Line: 1
Info (12021): Found 1 design units, including 1 entities, in source file ps2/mouse_hugo.v
    Info (12023): Found entity 1: mouse_hugo File: C:/Users/tvmma/Desktop/Git/OAC/2018-1/Lab4/RISCV-v1.0/Core/PS2/mouse_hugo.v Line: 1
Info (12021): Found 1 design units, including 1 entities, in source file ps2/keyscan.v
    Info (12023): Found entity 1: keyscan File: C:/Users/tvmma/Desktop/Git/OAC/2018-1/Lab4/RISCV-v1.0/Core/PS2/keyscan.v Line: 1
Info (12021): Found 1 design units, including 1 entities, in source file ps2/altera_up_ps2_data_in.v
    Info (12023): Found entity 1: Altera_UP_PS2_Data_In File: C:/Users/tvmma/Desktop/Git/OAC/2018-1/Lab4/RISCV-v1.0/Core/PS2/Altera_UP_PS2_Data_In.v Line: 10
Info (12021): Found 1 design units, including 1 entities, in source file ps2/altera_up_ps2_command_out.v
    Info (12023): Found entity 1: Altera_UP_PS2_Command_Out File: C:/Users/tvmma/Desktop/Git/OAC/2018-1/Lab4/RISCV-v1.0/Core/PS2/Altera_UP_PS2_Command_Out.v Line: 10
Info (12021): Found 1 design units, including 1 entities, in source file lfsr/lfsr_interface.v
    Info (12023): Found entity 1: lfsr_interface File: C:/Users/tvmma/Desktop/Git/OAC/2018-1/Lab4/RISCV-v1.0/Core/lfsr/lfsr_interface.v Line: 1
Info (12021): Found 1 design units, including 1 entities, in source file lfsr/ifsr_word.v
    Info (12023): Found entity 1: lfsr_word File: C:/Users/tvmma/Desktop/Git/OAC/2018-1/Lab4/RISCV-v1.0/Core/lfsr/ifsr_word.v Line: 1
Info (12021): Found 1 design units, including 1 entities, in source file irda/irda_transmitter.v
    Info (12023): Found entity 1: IrDA_transmitter File: C:/Users/tvmma/Desktop/Git/OAC/2018-1/Lab4/RISCV-v1.0/Core/IrDA/IrDA_transmitter.v Line: 1
Info (12021): Found 1 design units, including 1 entities, in source file irda/irda_receiver.v
    Info (12023): Found entity 1: IrDA_receiver File: C:/Users/tvmma/Desktop/Git/OAC/2018-1/Lab4/RISCV-v1.0/Core/IrDA/IrDA_receiver.v Line: 1
Info (12021): Found 0 design units, including 0 entities, in source file irda/irda_parameters.v
Info (12021): Found 1 design units, including 1 entities, in source file irda/irda_interface.v
    Info (12023): Found entity 1: IrDA_Interface File: C:/Users/tvmma/Desktop/Git/OAC/2018-1/Lab4/RISCV-v1.0/Core/IrDA/IrDA_Interface.v Line: 3
Info (12021): Found 1 design units, including 1 entities, in source file irda/irda_decoder.v
    Info (12023): Found entity 1: IrDA_decoder File: C:/Users/tvmma/Desktop/Git/OAC/2018-1/Lab4/RISCV-v1.0/Core/IrDA/IrDA_decoder.v Line: 1
Info (12021): Found 1 design units, including 1 entities, in source file irda/irda_clk.v
    Info (12023): Found entity 1: IrDA_clk File: C:/Users/tvmma/Desktop/Git/OAC/2018-1/Lab4/RISCV-v1.0/Core/IrDA/IrDA_clk.v Line: 1
Info (12021): Found 1 design units, including 1 entities, in source file display7/display7_interface.v
    Info (12023): Found entity 1: Display7_Interface File: C:/Users/tvmma/Desktop/Git/OAC/2018-1/Lab4/RISCV-v1.0/Core/Display7/Display7_Interface.v Line: 1
Info (12021): Found 1 design units, including 1 entities, in source file display7/decoder7.v
    Info (12023): Found entity 1: Decoder7 File: C:/Users/tvmma/Desktop/Git/OAC/2018-1/Lab4/RISCV-v1.0/Core/Display7/decoder7.v Line: 7
Info (12021): Found 1 design units, including 1 entities, in source file audiocodec/i2c_controller.v
    Info (12023): Found entity 1: I2C_Controller File: C:/Users/tvmma/Desktop/Git/OAC/2018-1/Lab4/RISCV-v1.0/Core/AudioCODEC/I2C_Controller.v Line: 42
Info (12021): Found 1 design units, including 1 entities, in source file audiocodec/i2c_av_config.v
    Info (12023): Found entity 1: I2C_AV_Config File: C:/Users/tvmma/Desktop/Git/OAC/2018-1/Lab4/RISCV-v1.0/Core/AudioCODEC/I2C_AV_Config.v Line: 1
Info (12021): Found 1 design units, including 1 entities, in source file audiocodec/audiocodec_interface.v
    Info (12023): Found entity 1: AudioCODEC_Interface File: C:/Users/tvmma/Desktop/Git/OAC/2018-1/Lab4/RISCV-v1.0/Core/AudioCODEC/AudioCODEC_Interface.v Line: 1
Info (12021): Found 1 design units, including 1 entities, in source file audiocodec/audio_converter.v
    Info (12023): Found entity 1: audio_converter File: C:/Users/tvmma/Desktop/Git/OAC/2018-1/Lab4/RISCV-v1.0/Core/AudioCODEC/audio_converter.v Line: 1
Info (12021): Found 1 design units, including 1 entities, in source file audiocodec/audio_clock.v
    Info (12023): Found entity 1: audio_clock File: C:/Users/tvmma/Desktop/Git/OAC/2018-1/Lab4/RISCV-v1.0/Core/AudioCODEC/audio_clock.v Line: 1
Info (12021): Found 1 design units, including 1 entities, in source file tempo/clock_interface.v
    Info (12023): Found entity 1: CLOCK_Interface File: C:/Users/tvmma/Desktop/Git/OAC/2018-1/Lab4/RISCV-v1.0/Core/Tempo/CLOCK_Interface.v Line: 1
Info (12021): Found 1 design units, including 1 entities, in source file tempo/mono.v
    Info (12023): Found entity 1: mono File: C:/Users/tvmma/Desktop/Git/OAC/2018-1/Lab4/RISCV-v1.0/Core/Tempo/mono.v Line: 2
Info (12021): Found 1 design units, including 1 entities, in source file ps2/tecladops2_interface.v
    Info (12023): Found entity 1: TecladoPS2_Interface File: C:/Users/tvmma/Desktop/Git/OAC/2018-1/Lab4/RISCV-v1.0/Core/PS2/TecladoPS2_Interface.v Line: 1
Info (12021): Found 1 design units, including 1 entities, in source file ps2/keyboard.v
    Info (12023): Found entity 1: keyboard File: C:/Users/tvmma/Desktop/Git/OAC/2018-1/Lab4/RISCV-v1.0/Core/PS2/keyboard.v Line: 1
Warning (10236): Verilog HDL Implicit Net warning at Control_MULTI.v(27): created implicit net for "oALUop" File: C:/Users/tvmma/Desktop/Git/OAC/2018-1/Lab4/RISCV-v1.0/Core/CPU/Control_MULTI.v Line: 27
Warning (10236): Verilog HDL Implicit Net warning at Datapath_UNI.v(95): created implicit net for "wPC" File: C:/Users/tvmma/Desktop/Git/OAC/2018-1/Lab4/RISCV-v1.0/Core/CPU/Datapath_UNI.v Line: 95
Warning (10236): Verilog HDL Implicit Net warning at Datapath_UNI.v(135): created implicit net for "iClr" File: C:/Users/tvmma/Desktop/Git/OAC/2018-1/Lab4/RISCV-v1.0/Core/CPU/Datapath_UNI.v Line: 135
Warning (10236): Verilog HDL Implicit Net warning at Datapath_UNI.v(246): created implicit net for "wPc" File: C:/Users/tvmma/Desktop/Git/OAC/2018-1/Lab4/RISCV-v1.0/Core/CPU/Datapath_UNI.v Line: 246
Info (12127): Elaborating entity "Control_MULTI" for the top level hierarchy
Warning (10036): Verilog HDL or VHDL warning at Control_MULTI.v(27): object "oALUop" assigned a value but never read File: C:/Users/tvmma/Desktop/Git/OAC/2018-1/Lab4/RISCV-v1.0/Core/CPU/Control_MULTI.v Line: 27
Warning (10230): Verilog HDL assignment warning at Control_MULTI.v(27): truncated value with size 2 to match size of target (1) File: C:/Users/tvmma/Desktop/Git/OAC/2018-1/Lab4/RISCV-v1.0/Core/CPU/Control_MULTI.v Line: 27
Warning (10270): Verilog HDL Case Statement warning at Control_MULTI.v(78): incomplete case statement has no default case item File: C:/Users/tvmma/Desktop/Git/OAC/2018-1/Lab4/RISCV-v1.0/Core/CPU/Control_MULTI.v Line: 78
Warning (10240): Verilog HDL Always Construct warning at Control_MULTI.v(57): inferring latch(es) for variable "word", which holds its previous value in one or more paths through the always construct File: C:/Users/tvmma/Desktop/Git/OAC/2018-1/Lab4/RISCV-v1.0/Core/CPU/Control_MULTI.v Line: 57
Warning (10034): Output port "oALUOp" at Control_MULTI.v(13) has no driver File: C:/Users/tvmma/Desktop/Git/OAC/2018-1/Lab4/RISCV-v1.0/Core/CPU/Control_MULTI.v Line: 13
Info (10041): Inferred latch for "word[0]" at Control_MULTI.v(57) File: C:/Users/tvmma/Desktop/Git/OAC/2018-1/Lab4/RISCV-v1.0/Core/CPU/Control_MULTI.v Line: 57
Info (10041): Inferred latch for "word[1]" at Control_MULTI.v(57) File: C:/Users/tvmma/Desktop/Git/OAC/2018-1/Lab4/RISCV-v1.0/Core/CPU/Control_MULTI.v Line: 57
Info (10041): Inferred latch for "word[2]" at Control_MULTI.v(57) File: C:/Users/tvmma/Desktop/Git/OAC/2018-1/Lab4/RISCV-v1.0/Core/CPU/Control_MULTI.v Line: 57
Info (10041): Inferred latch for "word[3]" at Control_MULTI.v(57) File: C:/Users/tvmma/Desktop/Git/OAC/2018-1/Lab4/RISCV-v1.0/Core/CPU/Control_MULTI.v Line: 57
Info (10041): Inferred latch for "word[4]" at Control_MULTI.v(57) File: C:/Users/tvmma/Desktop/Git/OAC/2018-1/Lab4/RISCV-v1.0/Core/CPU/Control_MULTI.v Line: 57
Info (10041): Inferred latch for "word[5]" at Control_MULTI.v(57) File: C:/Users/tvmma/Desktop/Git/OAC/2018-1/Lab4/RISCV-v1.0/Core/CPU/Control_MULTI.v Line: 57
Info (10041): Inferred latch for "word[6]" at Control_MULTI.v(57) File: C:/Users/tvmma/Desktop/Git/OAC/2018-1/Lab4/RISCV-v1.0/Core/CPU/Control_MULTI.v Line: 57
Info (10041): Inferred latch for "word[7]" at Control_MULTI.v(57) File: C:/Users/tvmma/Desktop/Git/OAC/2018-1/Lab4/RISCV-v1.0/Core/CPU/Control_MULTI.v Line: 57
Info (10041): Inferred latch for "word[10]" at Control_MULTI.v(57) File: C:/Users/tvmma/Desktop/Git/OAC/2018-1/Lab4/RISCV-v1.0/Core/CPU/Control_MULTI.v Line: 57
Info (10041): Inferred latch for "word[11]" at Control_MULTI.v(57) File: C:/Users/tvmma/Desktop/Git/OAC/2018-1/Lab4/RISCV-v1.0/Core/CPU/Control_MULTI.v Line: 57
Info (10041): Inferred latch for "word[12]" at Control_MULTI.v(57) File: C:/Users/tvmma/Desktop/Git/OAC/2018-1/Lab4/RISCV-v1.0/Core/CPU/Control_MULTI.v Line: 57
Info (10041): Inferred latch for "word[13]" at Control_MULTI.v(57) File: C:/Users/tvmma/Desktop/Git/OAC/2018-1/Lab4/RISCV-v1.0/Core/CPU/Control_MULTI.v Line: 57
Info (10041): Inferred latch for "word[14]" at Control_MULTI.v(57) File: C:/Users/tvmma/Desktop/Git/OAC/2018-1/Lab4/RISCV-v1.0/Core/CPU/Control_MULTI.v Line: 57
Warning (13012): Latch word[11] has unsafe behavior File: C:/Users/tvmma/Desktop/Git/OAC/2018-1/Lab4/RISCV-v1.0/Core/CPU/Control_MULTI.v Line: 57
    Warning (13013): Ports D and ENA on the latch are fed by the same signal iOp[0] File: C:/Users/tvmma/Desktop/Git/OAC/2018-1/Lab4/RISCV-v1.0/Core/CPU/Control_MULTI.v Line: 8
Warning (13012): Latch word[4] has unsafe behavior File: C:/Users/tvmma/Desktop/Git/OAC/2018-1/Lab4/RISCV-v1.0/Core/CPU/Control_MULTI.v Line: 57
    Warning (13013): Ports D and ENA on the latch are fed by the same signal iOp[0] File: C:/Users/tvmma/Desktop/Git/OAC/2018-1/Lab4/RISCV-v1.0/Core/CPU/Control_MULTI.v Line: 8
Warning (13012): Latch word[7] has unsafe behavior File: C:/Users/tvmma/Desktop/Git/OAC/2018-1/Lab4/RISCV-v1.0/Core/CPU/Control_MULTI.v Line: 57
    Warning (13013): Ports D and ENA on the latch are fed by the same signal iOp[0] File: C:/Users/tvmma/Desktop/Git/OAC/2018-1/Lab4/RISCV-v1.0/Core/CPU/Control_MULTI.v Line: 8
Warning (13012): Latch word[6] has unsafe behavior File: C:/Users/tvmma/Desktop/Git/OAC/2018-1/Lab4/RISCV-v1.0/Core/CPU/Control_MULTI.v Line: 57
    Warning (13013): Ports D and ENA on the latch are fed by the same signal pr_state.EXE File: C:/Users/tvmma/Desktop/Git/OAC/2018-1/Lab4/RISCV-v1.0/Core/CPU/Control_MULTI.v Line: 18
Warning (13012): Latch word[12] has unsafe behavior File: C:/Users/tvmma/Desktop/Git/OAC/2018-1/Lab4/RISCV-v1.0/Core/CPU/Control_MULTI.v Line: 57
    Warning (13013): Ports D and ENA on the latch are fed by the same signal pr_state.EXE File: C:/Users/tvmma/Desktop/Git/OAC/2018-1/Lab4/RISCV-v1.0/Core/CPU/Control_MULTI.v Line: 18
Warning (13012): Latch word[10] has unsafe behavior File: C:/Users/tvmma/Desktop/Git/OAC/2018-1/Lab4/RISCV-v1.0/Core/CPU/Control_MULTI.v Line: 57
    Warning (13013): Ports D and ENA on the latch are fed by the same signal iOp[0] File: C:/Users/tvmma/Desktop/Git/OAC/2018-1/Lab4/RISCV-v1.0/Core/CPU/Control_MULTI.v Line: 8
Warning (13012): Latch word[5] has unsafe behavior File: C:/Users/tvmma/Desktop/Git/OAC/2018-1/Lab4/RISCV-v1.0/Core/CPU/Control_MULTI.v Line: 57
    Warning (13013): Ports D and ENA on the latch are fed by the same signal pr_state.EXE File: C:/Users/tvmma/Desktop/Git/OAC/2018-1/Lab4/RISCV-v1.0/Core/CPU/Control_MULTI.v Line: 18
Warning (13012): Latch word[0] has unsafe behavior File: C:/Users/tvmma/Desktop/Git/OAC/2018-1/Lab4/RISCV-v1.0/Core/CPU/Control_MULTI.v Line: 57
    Warning (13013): Ports D and ENA on the latch are fed by the same signal iOp[0] File: C:/Users/tvmma/Desktop/Git/OAC/2018-1/Lab4/RISCV-v1.0/Core/CPU/Control_MULTI.v Line: 8
Warning (13012): Latch word[2] has unsafe behavior File: C:/Users/tvmma/Desktop/Git/OAC/2018-1/Lab4/RISCV-v1.0/Core/CPU/Control_MULTI.v Line: 57
    Warning (13013): Ports D and ENA on the latch are fed by the same signal pr_state.EXE File: C:/Users/tvmma/Desktop/Git/OAC/2018-1/Lab4/RISCV-v1.0/Core/CPU/Control_MULTI.v Line: 18
Warning (13012): Latch word[3] has unsafe behavior File: C:/Users/tvmma/Desktop/Git/OAC/2018-1/Lab4/RISCV-v1.0/Core/CPU/Control_MULTI.v Line: 57
    Warning (13013): Ports D and ENA on the latch are fed by the same signal iOp[0] File: C:/Users/tvmma/Desktop/Git/OAC/2018-1/Lab4/RISCV-v1.0/Core/CPU/Control_MULTI.v Line: 8
Warning (13012): Latch word[13] has unsafe behavior File: C:/Users/tvmma/Desktop/Git/OAC/2018-1/Lab4/RISCV-v1.0/Core/CPU/Control_MULTI.v Line: 57
    Warning (13013): Ports D and ENA on the latch are fed by the same signal iOp[0] File: C:/Users/tvmma/Desktop/Git/OAC/2018-1/Lab4/RISCV-v1.0/Core/CPU/Control_MULTI.v Line: 8
Warning (13024): Output pins are stuck at VCC or GND
    Warning (13410): Pin "oALUOp[0]" is stuck at GND File: C:/Users/tvmma/Desktop/Git/OAC/2018-1/Lab4/RISCV-v1.0/Core/CPU/Control_MULTI.v Line: 13
    Warning (13410): Pin "oALUOp[1]" is stuck at GND File: C:/Users/tvmma/Desktop/Git/OAC/2018-1/Lab4/RISCV-v1.0/Core/CPU/Control_MULTI.v Line: 13
Info (286030): Timing-Driven Synthesis is running
Info (17049): 5 registers lost all their fanouts during netlist optimizations.
Warning (20013): Ignored 16 assignments for entity "PLL_Main" -- entity does not exist in design
    Warning (20014): Assignment for entity set_global_assignment -name IP_TOOL_NAME altera_pll -entity PLL_Main -sip Tempo/PLL_Main.sip -library lib_PLL_Main was ignored
    Warning (20014): Assignment for entity set_global_assignment -name IP_TOOL_VERSION 17.1 -entity PLL_Main -sip Tempo/PLL_Main.sip -library lib_PLL_Main was ignored
    Warning (20014): Assignment for entity set_global_assignment -name IP_TOOL_ENV mwpim -entity PLL_Main -sip Tempo/PLL_Main.sip -library lib_PLL_Main was ignored
Warning (20013): Ignored 317 assignments for entity "PLL_Main_0002" -- entity does not exist in design
Warning (20013): Ignored 16 assignments for entity "VgaPll" -- entity does not exist in design
    Warning (20014): Assignment for entity set_global_assignment -name IP_TOOL_NAME altera_pll -entity VgaPll -sip VGA/VgaPll.sip -library lib_VgaPll was ignored
    Warning (20014): Assignment for entity set_global_assignment -name IP_TOOL_VERSION 17.1 -entity VgaPll -sip VGA/VgaPll.sip -library lib_VgaPll was ignored
    Warning (20014): Assignment for entity set_global_assignment -name IP_TOOL_ENV mwpim -entity VgaPll -sip VGA/VgaPll.sip -library lib_VgaPll was ignored
Warning (20013): Ignored 317 assignments for entity "VgaPll_0002" -- entity does not exist in design
Info (144001): Generated suppressed messages file C:/Users/tvmma/Desktop/Git/OAC/2018-1/Lab4/RISCV-v1.0/Core/output_files/TopDE.map.smsg
Info (16010): Generating hard_block partition "hard_block:auto_generated_inst"
    Info (16011): Adding 0 node(s), including 0 DDIO, 0 PLL, 0 transceiver and 0 LCELL
Info (21057): Implemented 67 device resources after synthesis - the final resource count might be different
    Info (21058): Implemented 9 input pins
    Info (21059): Implemented 15 output pins
    Info (21061): Implemented 43 logic cells
Info: Quartus Prime Analysis & Synthesis was successful. 0 errors, 45 warnings
    Info: Peak virtual memory: 4833 megabytes
    Info: Processing ended: Mon Jun 18 22:23:57 2018
    Info: Elapsed time: 00:00:29
    Info: Total CPU time (on all processors): 00:00:49


+------------------------------------------+
; Analysis & Synthesis Suppressed Messages ;
+------------------------------------------+
The suppressed messages can be found in C:/Users/tvmma/Desktop/Git/OAC/2018-1/Lab4/RISCV-v1.0/Core/output_files/TopDE.map.smsg.


